<?xml version="1.0" encoding="UTF-8"?>
<!-- Generated by org.testng.reporters.JUnitXMLReporter -->
<testsuite ignored="0" hostname="DESKTOP-DHGB96Q" failures="2" tests="20" name="Web Tests" time="728.43" errors="0" timestamp="2024-04-26T20:05:45 IDT">
  <testcase classname="sanity.SauceDemoWeb" name="test01_verifyNumberOfProducts" time="7.161"/>
  <testcase classname="sanity.SauceDemoWeb" name="test02_verifyPriceOfMostExpensiveItem" time="0.615"/>
  <testcase classname="sanity.SauceDemoWeb" name="test03_verifyTotalPrice" time="37.628">
    <skipped/>
  </testcase> <!-- test03_verifyTotalPrice -->
  <testcase classname="sanity.SauceDemoWeb" name="test03_verifyTotalPrice" time="32.941">
    <skipped/>
  </testcase> <!-- test03_verifyTotalPrice -->
  <testcase classname="sanity.SauceDemoWeb" name="test03_verifyTotalPrice" time="34.416">
    <skipped/>
  </testcase> <!-- test03_verifyTotalPrice -->
  <testcase classname="sanity.SauceDemoWeb" name="test03_verifyTotalPrice" time="37.179">
    <failure type="org.openqa.selenium.TimeoutException" message="Expected condition failed: waiting for visibility of Proxy element for: DefaultElementLocator &amp;apos;By.cssSelector: div[Class=&amp;apos;summary_info_label summary_total_label&amp;apos;]&amp;apos; (tried for 10 second(s) with 500 milliseconds interval)">
      <![CDATA[org.openqa.selenium.TimeoutException: Expected condition failed: waiting for visibility of Proxy element for: DefaultElementLocator 'By.cssSelector: div[Class='summary_info_label summary_total_label']' (tried for 10 second(s) with 500 milliseconds interval)
at org.openqa.selenium.support.ui.WebDriverWait.timeoutException(WebDriverWait.java:95)
at org.openqa.selenium.support.ui.FluentWait.until(FluentWait.java:272)
at extensions.Verifications.verifyTextInElement(Verifications.java:22)
at sanity.SauceDemoWeb.test03_verifyTotalPrice(SauceDemoWeb.java:43)
at java.base/java.util.ArrayList.forEach(ArrayList.java:1541)
Caused by: org.openqa.selenium.NoSuchElementException: no such element: Unable to locate element: {"method":"css selector","selector":"div[Class='summary_info_label summary_total_label']"}
  (Session info: MicrosoftEdge=124.0.2478.51)
For documentation on this error, please visit: https://www.seleniumhq.org/exceptions/no_such_element.html
Build info: version: '3.141.59', revision: 'e82be7d358', time: '2018-11-14T08:17:03'
System info: host: 'DESKTOP-DHGB96Q', ip: '192.168.1.18', os.name: 'Windows 10', os.arch: 'amd64', os.version: '10.0', java.version: '11.0.19'
Driver info: org.openqa.selenium.edge.EdgeDriver
Capabilities {acceptInsecureCerts: false, browserName: MicrosoftEdge, browserVersion: 124.0.2478.51, fedcm:accounts: true, javascriptEnabled: true, ms:edgeOptions: {debuggerAddress: localhost:60753}, msedge: {msedgedriverVersion: 124.0.2478.51 (e23a9b7d0a14..., userDataDir: C:\Users\Yosi\AppData\Local...}, networkConnectionEnabled: false, pageLoadStrategy: normal, platform: WINDOWS, platformName: WINDOWS, proxy: Proxy(), setWindowRect: true, strictFileInteractability: false, timeouts: {implicit: 0, pageLoad: 300000, script: 30000}, unhandledPromptBehavior: dismiss and notify, webauthn:extension:credBlob: true, webauthn:extension:largeBlob: true, webauthn:extension:minPinLength: true, webauthn:extension:prf: true, webauthn:virtualAuthenticators: true}
Session ID: d2ceaad15d8c9ce13b35850cd6f6a202
*** Element info: {Using=css selector, value=div[Class='summary_info_label summary_total_label']}
at org.openqa.selenium.remote.http.W3CHttpResponseCodec.createException(W3CHttpResponseCodec.java:187)
at org.openqa.selenium.remote.http.W3CHttpResponseCodec.decode(W3CHttpResponseCodec.java:122)
at org.openqa.selenium.remote.http.W3CHttpResponseCodec.decode(W3CHttpResponseCodec.java:49)
at org.openqa.selenium.remote.HttpCommandExecutor.execute(HttpCommandExecutor.java:158)
at org.openqa.selenium.remote.service.DriverCommandExecutor.execute(DriverCommandExecutor.java:83)
at org.openqa.selenium.remote.RemoteWebDriver.execute(RemoteWebDriver.java:552)
at org.openqa.selenium.remote.RemoteWebDriver.findElement(RemoteWebDriver.java:323)
at org.openqa.selenium.remote.RemoteWebDriver.findElementByCssSelector(RemoteWebDriver.java:420)
at org.openqa.selenium.By$ByCssSelector.findElement(By.java:431)
at org.openqa.selenium.remote.RemoteWebDriver.findElement(RemoteWebDriver.java:315)
at org.openqa.selenium.support.pagefactory.DefaultElementLocator.findElement(DefaultElementLocator.java:69)
at org.openqa.selenium.support.pagefactory.internal.LocatingElementHandler.invoke(LocatingElementHandler.java:38)
at com.sun.proxy.$Proxy13.isDisplayed(Unknown Source)
at org.openqa.selenium.support.ui.ExpectedConditions.elementIfVisible(ExpectedConditions.java:314)
at org.openqa.selenium.support.ui.ExpectedConditions.access$000(ExpectedConditions.java:43)
at org.openqa.selenium.support.ui.ExpectedConditions$10.apply(ExpectedConditions.java:300)
at org.openqa.selenium.support.ui.ExpectedConditions$10.apply(ExpectedConditions.java:297)
at org.openqa.selenium.support.ui.FluentWait.until(FluentWait.java:249)
... 34 more
... Removed 35 stack frames]]>
    </failure>
  </testcase> <!-- test03_verifyTotalPrice -->
  <testcase classname="sanity.SauceDemoWeb" name="test04_verifyAddedProductsNumber" time="2.782"/>
  <testcase classname="sanity.SauceDemoWeb" name="test05_verifySocialButtonAreVisible" time="1.955"/>
  <testcase classname="sanity.SauceDemoWeb" name="test06_verifyRemovalAllProducts" time="25.678"/>
  <testcase classname="sanity.SauceDemoWeb" name="test07_verifyAddedProductsNumber" time="9.736"/>
  <testcase classname="sanity.SauceDemoWeb" name="test09_verifyTotalPriceDB" time="2.279">
    <skipped/>
  </testcase> <!-- test09_verifyTotalPriceDB -->
  <testcase classname="sanity.SauceDemoWeb" name="test09_verifyTotalPriceDB" time="4.552">
    <skipped/>
  </testcase> <!-- test09_verifyTotalPriceDB -->
  <testcase classname="sanity.SauceDemoWeb" name="test09_verifyTotalPriceDB" time="8.842">
    <skipped/>
  </testcase> <!-- test09_verifyTotalPriceDB -->
  <testcase classname="sanity.SauceDemoWeb" name="test09_verifyTotalPriceDB" time="9.516">
    <failure type="java.lang.NullPointerException">
      <![CDATA[java.lang.NullPointerException
at extensions.DBActions.getCustomers(DBActions.java:15)
at workflows.Webflows.CheckoutWithCustomerFromDB(Webflows.java:82)
at sanity.SauceDemoWeb.test09_verifyTotalPriceDB(SauceDemoWeb.java:109)
at java.base/java.util.ArrayList.forEach(ArrayList.java:1541)
... Removed 31 stack frames]]>
    </failure>
  </testcase> <!-- test09_verifyTotalPriceDB -->
  <testcase classname="sanity.SauceDemoWeb" name="test10_verifySocialButtonNames" time="4.318"/>
  <testcase classname="sanity.SauceDemoWeb" name="test8_verifyCartIcon" time="19.618"/>
  <testcase classname="sanity.SauceDemoWebTestLogin" name="test9_verifyLogInErrors" time="27.775"/>
  <testcase classname="sanity.SauceDemoWebTestLogin" name="test9_verifyLogInErrors" time="5.935"/>
  <testcase classname="sanity.SauceDemoWebTestLogin" name="test9_verifyLogInErrors" time="5.241"/>
  <testcase classname="sanity.SauceDemoWebTestLogin" name="test9_verifyLogInErrors" time="6.949"/>
</testsuite> <!-- Web Tests -->
